2026-05-03 14:19:37.719 The widget with key "date_range_slider" was created with a default value but also had its value set via the Session State API.
Stack (most recent call last):
  File "C:\Python312\Lib\threading.py", line 1032, in _bootstrap
    self._bootstrap_inner()
  File "C:\Python312\Lib\threading.py", line 1075, in _bootstrap_inner
    self.run()
  File "C:\Python312\Lib\threading.py", line 1012, in run
    self._target(*self._args, **self._kwargs)
  File "C:\Users\David\AppData\Roaming\Python\Python312\site-packages\streamlit\runtime\scriptrunner\script_runner.py", line 379, in _run_script_thread
    self._run_script(request.rerun_data)
  File "C:\Users\David\AppData\Roaming\Python\Python312\site-packages\streamlit\runtime\scriptrunner\script_runner.py", line 705, in _run_script
    ) = exec_func_with_error_handling(code_to_exec, ctx)
  File "C:\Users\David\AppData\Roaming\Python\Python312\site-packages\streamlit\runtime\scriptrunner\exec_code.py", line 129, in exec_func_with_error_handling
    result = func()
  File "C:\Users\David\AppData\Roaming\Python\Python312\site-packages\streamlit\runtime\scriptrunner\script_runner.py", line 689, in code_to_exec
    exec(code, module.__dict__)  # noqa: S102
  File "C:\Users\David\MIT Dropbox\David Izrailov\MIT\Academics\Spring\Product\Assignment\5\streamlit_app.py", line 844, in <module>
    date_range = st.sidebar.slider(
  File "C:\Users\David\AppData\Roaming\Python\Python312\site-packages\streamlit\runtime\metrics_util.py", line 563, in wrapped_func
    result = non_optional_func(*args, **kwargs)
  File "C:\Users\David\AppData\Roaming\Python\Python312\site-packages\streamlit\elements\widgets\slider.py", line 721, in slider
    return self._slider(
  File "C:\Users\David\AppData\Roaming\Python\Python312\site-packages\streamlit\elements\widgets\slider.py", line 762, in _slider
    check_widget_policies(
  File "C:\Users\David\AppData\Roaming\Python\Python312\site-packages\streamlit\elements\lib\policies.py", line 180, in check_widget_policies
    check_session_state_rules(
  File "C:\Users\David\AppData\Roaming\Python\Python312\site-packages\streamlit\elements\lib\policies.py", line 91, in check_session_state_rules
    _LOGGER.warning(
